<?xml version="1.0" encoding="UTF-8"?>
<!-- Generated by org.testng.reporters.JUnitReportReporter -->
<testsuite hostname="Hemant" failures="0" tests="3" name="TestRunner.RunnerTest" time="40.243" errors="0" timestamp="2024-09-12T22:26:15 IST" skipped="0">
  <testcase classname="TestRunner.RunnerTest" name="runScenario" time="13.634"/>
  <system-out/>
  <testcase classname="TestRunner.RunnerTest" name="runScenario" time="13.138"/>
  <system-out/>
  <testcase classname="TestRunner.RunnerTest" name="runScenario" time="13.471"/>
  <system-out/>
</testsuite> <!-- TestRunner.RunnerTest -->
